# JRE version: Java(TM) SE Runtime Environment (8.0_92-b14) (build 1.8.0_92-b14)
# Java VM: Java HotSpot(TM) 64-Bit Server VM (25.92-b14 mixed mode windows-amd64 compressed oops)
Heap:
 PSYoungGen      total 114688K, used 67615K [0x000000076b400000, 0x0000000773080000, 0x00000007c0000000)
  eden space 105984K, 55% used [0x000000076b400000,0x000000076ed87ff8,0x0000000771b80000)
  from space 8704K, 99% used [0x0000000772800000,0x000000077307ffc0,0x0000000773080000)
  to   space 10752K, 0% used [0x0000000771b80000,0x0000000771b80000,0x0000000772600000)
 ParOldGen       total 115712K, used 12638K [0x00000006c1c00000, 0x00000006c8d00000, 0x000000076b400000)
  object space 115712K, 10% used [0x00000006c1c00000,0x00000006c2857a30,0x00000006c8d00000)
 Metaspace       used 34556K, capacity 34934K, committed 35328K, reserved 1081344K
  class space    used 4241K, capacity 4341K, committed 4352K, reserved 1048576K
GC Heap History (10 events):
Event: 4.295 GC heap before
{Heap before GC invocations=1 (full 0):
 PSYoungGen      total 76288K, used 65536K [0x000000076b400000, 0x0000000770900000, 0x00000007c0000000)
  eden space 65536K, 100% used [0x000000076b400000,0x000000076f400000,0x000000076f400000)
  from space 10752K, 0% used [0x000000076fe80000,0x000000076fe80000,0x0000000770900000)
  to   space 10752K, 0% used [0x000000076f400000,0x000000076f400000,0x000000076fe80000)
 ParOldGen       total 175104K, used 0K [0x00000006c1c00000, 0x00000006cc700000, 0x000000076b400000)
  object space 175104K, 0% used [0x00000006c1c00000,0x00000006c1c00000,0x00000006cc700000)
 Metaspace       used 14979K, capacity 15088K, committed 15232K, reserved 1062912K
  class space    used 1882K, capacity 1916K, committed 1920K, reserved 1048576K
Event: 4.324 GC heap after
Heap after GC invocations=1 (full 0):
 PSYoungGen      total 76288K, used 10748K [0x000000076b400000, 0x0000000770900000, 0x00000007c0000000)
  eden space 65536K, 0% used [0x000000076b400000,0x000000076b400000,0x000000076f400000)
  from space 10752K, 99% used [0x000000076f400000,0x000000076fe7f178,0x000000076fe80000)
  to   space 10752K, 0% used [0x000000076fe80000,0x000000076fe80000,0x0000000770900000)
 ParOldGen       total 175104K, used 1403K [0x00000006c1c00000, 0x00000006cc700000, 0x000000076b400000)
  object space 175104K, 0% used [0x00000006c1c00000,0x00000006c1d5ed90,0x00000006cc700000)
 Metaspace       used 14979K, capacity 15088K, committed 15232K, reserved 1062912K
  class space    used 1882K, capacity 1916K, committed 1920K, reserved 1048576K
}
Event: 5.529 GC heap before
{Heap before GC invocations=2 (full 0):
 PSYoungGen      total 76288K, used 74132K [0x000000076b400000, 0x0000000770900000, 0x00000007c0000000)
  eden space 65536K, 96% used [0x000000076b400000,0x000000076f1e5ef0,0x000000076f400000)
  from space 10752K, 99% used [0x000000076f400000,0x000000076fe7f178,0x000000076fe80000)
  to   space 10752K, 0% used [0x000000076fe80000,0x000000076fe80000,0x0000000770900000)
 ParOldGen       total 175104K, used 1403K [0x00000006c1c00000, 0x00000006cc700000, 0x000000076b400000)
  object space 175104K, 0% used [0x00000006c1c00000,0x00000006c1d5ed90,0x00000006cc700000)
 Metaspace       used 20965K, capacity 21202K, committed 21296K, reserved 1069056K
  class space    used 2586K, capacity 2668K, committed 2688K, reserved 1048576K
Event: 5.545 GC heap after
Heap after GC invocations=2 (full 0):
 PSYoungGen      total 76288K, used 10728K [0x000000076b400000, 0x0000000770900000, 0x00000007c0000000)
  eden space 65536K, 0% used [0x000000076b400000,0x000000076b400000,0x000000076f400000)
  from space 10752K, 99% used [0x000000076fe80000,0x00000007708fa020,0x0000000770900000)
  to   space 10752K, 0% used [0x000000076f400000,0x000000076f400000,0x000000076fe80000)
 ParOldGen       total 175104K, used 3728K [0x00000006c1c00000, 0x00000006cc700000, 0x000000076b400000)
  object space 175104K, 2% used [0x00000006c1c00000,0x00000006c1fa40a8,0x00000006cc700000)
 Metaspace       used 20965K, capacity 21202K, committed 21296K, reserved 1069056K
  class space    used 2586K, capacity 2668K, committed 2688K, reserved 1048576K
}
Event: 5.545 GC heap before
{Heap before GC invocations=3 (full 1):
 PSYoungGen      total 76288K, used 10728K [0x000000076b400000, 0x0000000770900000, 0x00000007c0000000)
  eden space 65536K, 0% used [0x000000076b400000,0x000000076b400000,0x000000076f400000)
  from space 10752K, 99% used [0x000000076fe80000,0x00000007708fa020,0x0000000770900000)
  to   space 10752K, 0% used [0x000000076f400000,0x000000076f400000,0x000000076fe80000)
 ParOldGen       total 175104K, used 3728K [0x00000006c1c00000, 0x00000006cc700000, 0x000000076b400000)
  object space 175104K, 2% used [0x00000006c1c00000,0x00000006c1fa40a8,0x00000006cc700000)
 Metaspace       used 20965K, capacity 21202K, committed 21296K, reserved 1069056K
  class space    used 2586K, capacity 2668K, committed 2688K, reserved 1048576K
Event: 5.603 GC heap after
Heap after GC invocations=3 (full 1):
 PSYoungGen      total 76288K, used 0K [0x000000076b400000, 0x0000000770900000, 0x00000007c0000000)
  eden space 65536K, 0% used [0x000000076b400000,0x000000076b400000,0x000000076f400000)
  from space 10752K, 0% used [0x000000076fe80000,0x000000076fe80000,0x0000000770900000)
  to   space 10752K, 0% used [0x000000076f400000,0x000000076f400000,0x000000076fe80000)
 ParOldGen       total 115712K, used 12630K [0x00000006c1c00000, 0x00000006c8d00000, 0x000000076b400000)
  object space 115712K, 10% used [0x00000006c1c00000,0x00000006c2855a30,0x00000006c8d00000)
 Metaspace       used 20965K, capacity 21202K, committed 21296K, reserved 1069056K
  class space    used 2586K, capacity 2668K, committed 2688K, reserved 1048576K
}
Event: 6.691 GC heap before
{Heap before GC invocations=4 (full 1):
 PSYoungGen      total 76288K, used 65536K [0x000000076b400000, 0x0000000770900000, 0x00000007c0000000)
  eden space 65536K, 100% used [0x000000076b400000,0x000000076f400000,0x000000076f400000)
  from space 10752K, 0% used [0x000000076fe80000,0x000000076fe80000,0x0000000770900000)
  to   space 10752K, 0% used [0x000000076f400000,0x000000076f400000,0x000000076fe80000)
 ParOldGen       total 115712K, used 12630K [0x00000006c1c00000, 0x00000006c8d00000, 0x000000076b400000)
  object space 115712K, 10% used [0x00000006c1c00000,0x00000006c2855a30,0x00000006c8d00000)
 Metaspace       used 26139K, capacity 26384K, committed 26624K, reserved 1073152K
  class space    used 3215K, capacity 3281K, committed 3328K, reserved 1048576K
Event: 6.737 GC heap after
Heap after GC invocations=4 (full 1):
 PSYoungGen      total 76288K, used 7626K [0x000000076b400000, 0x0000000773280000, 0x00000007c0000000)
  eden space 65536K, 0% used [0x000000076b400000,0x000000076b400000,0x000000076f400000)
  from space 10752K, 70% used [0x000000076f400000,0x000000076fb72a90,0x000000076fe80000)
  to   space 10752K, 0% used [0x0000000772800000,0x0000000772800000,0x0000000773280000)
 ParOldGen       total 115712K, used 12630K [0x00000006c1c00000, 0x00000006c8d00000, 0x000000076b400000)
  object space 115712K, 10% used [0x00000006c1c00000,0x00000006c2855a30,0x00000006c8d00000)
 Metaspace       used 26139K, capacity 26384K, committed 26624K, reserved 1073152K
  class space    used 3215K, capacity 3281K, committed 3328K, reserved 1048576K
}
Event: 7.511 GC heap before
{Heap before GC invocations=5 (full 1):
 PSYoungGen      total 76288K, used 73162K [0x000000076b400000, 0x0000000773280000, 0x00000007c0000000)
  eden space 65536K, 100% used [0x000000076b400000,0x000000076f400000,0x000000076f400000)
  from space 10752K, 70% used [0x000000076f400000,0x000000076fb72a90,0x000000076fe80000)
  to   space 10752K, 0% used [0x0000000772800000,0x0000000772800000,0x0000000773280000)
 ParOldGen       total 115712K, used 12630K [0x00000006c1c00000, 0x00000006c8d00000, 0x000000076b400000)
  object space 115712K, 10% used [0x00000006c1c00000,0x00000006c2855a30,0x00000006c8d00000)
 Metaspace       used 28404K, capacity 28672K, committed 29056K, reserved 1075200K
  class space    used 3506K, capacity 3609K, committed 3712K, reserved 1048576K
Event: 7.519 GC heap after
Heap after GC invocations=5 (full 1):
 PSYoungGen      total 114688K, used 8703K [0x000000076b400000, 0x0000000773080000, 0x00000007c0000000)
  eden space 105984K, 0% used [0x000000076b400000,0x000000076b400000,0x0000000771b80000)
  from space 8704K, 99% used [0x0000000772800000,0x000000077307ffc0,0x0000000773080000)
  to   space 10752K, 0% used [0x0000000771b80000,0x0000000771b80000,0x0000000772600000)
 ParOldGen       total 115712K, used 12638K [0x00000006c1c00000, 0x00000006c8d00000, 0x000000076b400000)
  object space 115712K, 10% used [0x00000006c1c00000,0x00000006c2857a30,0x00000006c8d00000)
 Metaspace       used 28404K, capacity 28672K, committed 29056K, reserved 1075200K
  class space    used 3506K, capacity 3609K, committed 3712K, reserved 1048576K
}

